<?xml version="1.0" encoding="UTF-8"?>
<!-- Generated by org.testng.reporters.JUnitReportReporter -->
<testsuite skipped="0" hostname="HIPUNL69713" name="com.MavenJavaProject.MavenJavaProject.NewTest" tests="1" failures="0" timestamp="25 Nov 2018 06:11:56 GMT" time="11.367" errors="0">
  <testcase name="f" time="11.367" classname="com.MavenJavaProject.MavenJavaProject.NewTest"/>
</testsuite> <!-- com.MavenJavaProject.MavenJavaProject.NewTest -->
