<?xml version="1.0" encoding="UTF-8"?>
<!-- Generated by org.testng.reporters.JUnitReportReporter -->
<testsuite skipped="0" hostname="HIPUNL69713" name="com.MavenJavaProject.MavenJavaProject.Hello1" tests="1" failures="0" timestamp="25 Nov 2018 06:26:14 GMT" time="13.945" errors="0">
  <testcase name="f" time="13.945" classname="com.MavenJavaProject.MavenJavaProject.Hello1"/>
</testsuite> <!-- com.MavenJavaProject.MavenJavaProject.Hello1 -->
